<?xml version="1.0" encoding="UTF-8"?>
<!-- Generated by org.testng.reporters.JUnitXMLReporter -->
<testsuite hostname="Admin" ignored="0" name="SampleTest" tests="7" failures="1" timestamp="08 Jul 2019 06:07:10 GMT" time="1.702" errors="0">
  <testcase name="GateWay" time="0.203" classname="org.C_zentrix.org.C_zentrix.Test_czentrix">
    <failure type="java.lang.NullPointerException">
      <![CDATA[java.lang.NullPointerException
at org.C_zentrix.org.C_zentrix.Gateway_ConfigurationForm.gateWay(Gateway_ConfigurationForm.java:20)
at org.C_zentrix.org.C_zentrix.Test_czentrix.GateWay(Test_czentrix.java:149)
... Removed 25 stack frames]]>
    </failure>
  </testcase> <!-- GateWay -->
  <testcase name="sip" time="0.109" classname="org.C_zentrix.org.C_zentrix.Test_czentrix"/>
  <testcase name="campaignTest" time="0.094" classname="org.C_zentrix.org.C_zentrix.Test_czentrix"/>
  <testcase name="listForm" time="0.093" classname="org.C_zentrix.org.C_zentrix.Test_czentrix"/>
  <testcase name="agentTest" time="0.094" classname="org.C_zentrix.org.C_zentrix.Test_czentrix"/>
  <testcase name="sip_Channel" time="0.078" classname="org.C_zentrix.org.C_zentrix.Test_czentrix"/>
  <testcase name="license" time="0.093" classname="org.C_zentrix.org.C_zentrix.Test_czentrix"/>
</testsuite> <!-- SampleTest -->
