<?xml version="1.0" encoding="UTF-8"?>
<testng-results skipped="0" failed="0" ignored="0" total="1" passed="1">
  <reporter-output>
  </reporter-output>
  <suite name="Default suite" duration-ms="38589" started-at="2019-08-19T09:02:30Z" finished-at="2019-08-19T09:03:09Z">
    <groups>
    </groups>
    <test name="Default test" duration-ms="38589" started-at="2019-08-19T09:02:30Z" finished-at="2019-08-19T09:03:09Z">
      <class name="org.C_zentrix.org.C_zentrix.Test_czentrix">
        <test-method status="PASS" signature="before()[pri:0, instance:org.C_zentrix.org.C_zentrix.Test_czentrix@10d59286]" name="before" is-config="true" duration-ms="31803" started-at="2019-08-19T09:02:30Z" finished-at="2019-08-19T09:03:02Z">
          <reporter-output>
          </reporter-output>
        </test-method> <!-- before -->
        <test-method status="PASS" signature="Break()[pri:4, instance:org.C_zentrix.org.C_zentrix.Test_czentrix@10d59286]" name="Break" duration-ms="5793" started-at="2019-08-19T09:03:02Z" finished-at="2019-08-19T09:03:08Z">
          <reporter-output>
          </reporter-output>
        </test-method> <!-- Break -->
        <test-method status="PASS" signature="getResult(org.testng.ITestResult)[pri:0, instance:org.C_zentrix.org.C_zentrix.Test_czentrix@10d59286]" name="getResult" is-config="true" duration-ms="32" started-at="2019-08-19T09:03:08Z" finished-at="2019-08-19T09:03:08Z">
          <params>
            <param index="0">
              <value>
                <![CDATA[[TestResult name=Break status=SUCCESS method=Test_czentrix.Break()[pri:4, instance:org.C_zentrix.org.C_zentrix.Test_czentrix@10d59286] output={null}]]]>
              </value>
            </param>
          </params>
          <reporter-output>
          </reporter-output>
        </test-method> <!-- getResult -->
        <test-method status="PASS" signature="endReport()[pri:0, instance:org.C_zentrix.org.C_zentrix.Test_czentrix@10d59286]" name="endReport" is-config="true" duration-ms="871" started-at="2019-08-19T09:03:08Z" finished-at="2019-08-19T09:03:09Z">
          <reporter-output>
          </reporter-output>
        </test-method> <!-- endReport -->
      </class> <!-- org.C_zentrix.org.C_zentrix.Test_czentrix -->
    </test> <!-- Default test -->
  </suite> <!-- Default suite -->
</testng-results>
